PLUMED: PLUMED is starting
PLUMED: Version: 2.9.0-dev (git: c0ce71f06) compiled on Dec 21 2022 at 12:05:19
PLUMED: Please cite these papers when using PLUMED [1][2]
PLUMED: For further information see the PLUMED web page at http://www.plumed.org
PLUMED: Root: /home/etrizio@iit.local/Bin/dev/plumed2-dev/
PLUMED: For installed feature, see /home/etrizio@iit.local/Bin/dev/plumed2-dev//src/config/config.txt
PLUMED: Molecular dynamics engine: mdrunner_linearexpansion
PLUMED: Precision of reals: 8
PLUMED: Running over 1 node
PLUMED: Number of threads: 1
PLUMED: Cache line size: 512
PLUMED: Number of atoms: 1
PLUMED: File suffix: 
PLUMED: FILE: ../plumed.dat
PLUMED: Action UNITS
PLUMED:   with label @0
PLUMED:   length: nm
PLUMED:   energy: kj/mol
PLUMED:   time: ps
PLUMED:   charge: e
PLUMED:   mass: amu
PLUMED:   using natural units
PLUMED:   inside PLUMED, Boltzmann constant is 1
PLUMED: Action POSITION
PLUMED:   with label p
PLUMED:   for atom 1
PLUMED:   using periodic boundary conditions
PLUMED:   added component to this action:  p.x 
PLUMED:   added component to this action:  p.y 
PLUMED:   added component to this action:  p.z 
PLUMED:   WARNING: components will not have the proper periodicity - see manual
PLUMED: Action CUSTOM
PLUMED:   with label mueller
PLUMED:   with arguments p.x p.y
PLUMED:   with function : 0.15*(146.7-200*exp(-1*(x-1)^2+0*(x-1)*(y-0)-10*(y-0)^2)-100*exp(-1*(x-0)^2+0*(x-0)*(y-0.5)-10*(y-0.5)^2)-170*exp(-6.5*(x+0.5)^2+11*(x+0.5)*(y-1.5)-6.5*(y-1.5)^2)+15*exp(0.7*(x+1)^2+0.6*(x+1)*(y-1)+0.7*(y-1)^2))
PLUMED:   with variables : x y
PLUMED:   function as parsed by lepton: 0.15*(((((146.7)-(200*(exp((-1*(square(-1+(x))))-(10*(square(y)))))))-(100*(exp((-1*(square(x)))-(10*(square(-0.5+(y))))))))-(170*(exp(((-6.5*(square(0.5+(x))))+((11*(0.5+(x)))*(-1.5+(y))))-(6.5*(square(-1.5+(y))))))))+(15*(exp(((0.7*(square(1+(x))))+((0.6*(1+(x)))*(-1+(y))))+(0.7*(square(-1+(y))))))))
PLUMED:   derivatives as computed by lepton:
PLUMED:     0.15*((((-200*((exp((-1*(square(-1+(x))))-(10*(square(y)))))*(-2*(-1+(x)))))-(100*((exp((-1*(square(x)))-(10*(square(-0.5+(y))))))*(-2*(x)))))-(170*((exp(((-6.5*(square(0.5+(x))))+((11*(0.5+(x)))*(-1.5+(y))))-(6.5*(square(-1.5+(y))))))*((-13*(0.5+(x)))+(11*(-1.5+(y)))))))+(15*((exp(((0.7*(square(1+(x))))+((0.6*(1+(x)))*(-1+(y))))+(0.7*(square(-1+(y))))))*((1.4*(1+(x)))+(0.6*(-1+(y)))))))
PLUMED:     0.15*((((200*((exp((-1*(square(-1+(x))))-(10*(square(y)))))*(20*(y))))-(-100*((exp((-1*(square(x)))-(10*(square(-0.5+(y))))))*(20*(-0.5+(y))))))-(170*((exp(((-6.5*(square(0.5+(x))))+((11*(0.5+(x)))*(-1.5+(y))))-(6.5*(square(-1.5+(y))))))*((11*(0.5+(x)))-(13*(-1.5+(y)))))))+(15*((exp(((0.7*(square(1+(x))))+((0.6*(1+(x)))*(-1+(y))))+(0.7*(square(-1+(y))))))*((0.6*(1+(x)))+(1.4*(-1+(y)))))))
PLUMED: Action BIASVALUE
PLUMED:   with label potential
PLUMED:   with arguments mueller
PLUMED:   added component to this action:  potential.bias 
PLUMED:   added component to this action:  potential.mueller_bias 
PLUMED: Action LOWER_WALLS
PLUMED:   with label lwall_x
PLUMED:   with arguments p.x
PLUMED:   added component to this action:  lwall_x.bias 
PLUMED:   at -1.500000
PLUMED:   with an offset 0.000000
PLUMED:   with force constant 1000.000000
PLUMED:   and exponent 2.000000
PLUMED:   rescaled 1.000000
PLUMED:   added component to this action:  lwall_x.force2 
PLUMED: Action UPPER_WALLS
PLUMED:   with label uwall_x
PLUMED:   with arguments p.x
PLUMED:   added component to this action:  uwall_x.bias 
PLUMED:   at 1.000000
PLUMED:   with an offset 0.000000
PLUMED:   with force constant 1000.000000
PLUMED:   and exponent 2.000000
PLUMED:   rescaled 1.000000
PLUMED:   added component to this action:  uwall_x.force2 
PLUMED: Action LOWER_WALLS
PLUMED:   with label lwall_y
PLUMED:   with arguments p.y
PLUMED:   added component to this action:  lwall_y.bias 
PLUMED:   at -0.250000
PLUMED:   with an offset 0.000000
PLUMED:   with force constant 1000.000000
PLUMED:   and exponent 2.000000
PLUMED:   rescaled 1.000000
PLUMED:   added component to this action:  lwall_y.force2 
PLUMED: Action UPPER_WALLS
PLUMED:   with label uwall_y
PLUMED:   with arguments p.y
PLUMED:   added component to this action:  uwall_y.bias 
PLUMED:   at 2.000000
PLUMED:   with an offset 0.000000
PLUMED:   with force constant 1000.000000
PLUMED:   and exponent 2.000000
PLUMED:   rescaled 1.000000
PLUMED:   added component to this action:  uwall_y.force2 
PLUMED: Action OPES_METAD_EXPLORE
PLUMED:   with label opes
PLUMED:   with arguments p.x
PLUMED:   added component to this action:  opes.bias 
PLUMED:   added component to this action:  opes.rct 
PLUMED:   added component to this action:  opes.zed 
PLUMED:   added component to this action:  opes.neff 
PLUMED:   added component to this action:  opes.nker 
PLUMED:   temperature = 1
PLUMED:   beta = 1
PLUMED:   depositing new kernels with PACE = 500
PLUMED:   expected BARRIER is 16
PLUMED:   using target distribution with BIASFACTOR gamma = 16
PLUMED:   adaptive SIGMA will be used, with ADAPTIVE_SIGMA_STRIDE = 5000
PLUMED:     thus the first x kernel depositions will be skipped, x = ADAPTIVE_SIGMA_STRIDE/PACE = 10
PLUMED:   kernels are truncated with KERNELS_CUTOFF = 5.65685
PLUMED:   the value at cutoff is = 1.12535e-07
PLUMED:   regularization EPSILON = 0.344154
PLUMED:   kernels will be compressed when closer than COMPRESSION_THRESHOLD = 1
PLUMED:   Bibliography: [3][4]
PLUMED: Action PRINT
PLUMED:   with label @9
PLUMED:   with stride 500
PLUMED:   with arguments p.x p.y p.z mueller potential.bias potential.mueller_bias lwall_x.bias lwall_x.force2 uwall_x.bias uwall_x.force2 lwall_y.bias lwall_y.force2 uwall_y.bias uwall_y.force2 opes.bias opes.rct opes.zed opes.neff opes.nker
PLUMED:   on file COLVAR
PLUMED:   with format  %g
PLUMED: Action ENDPLUMED
PLUMED:   with label @10
PLUMED: END FILE: ../plumed.dat
PLUMED: Timestep: 0.005000
PLUMED: KbT: 1.000000
PLUMED: Relevant bibliography:
PLUMED:   [1] The PLUMED consortium, Nat. Methods 16, 670 (2019)
PLUMED:   [2] Tribello, Bonomi, Branduardi, Camilloni, and Bussi, Comput. Phys. Commun. 185, 604 (2014)
PLUMED:   [3] M. Invernizzi and M. Parrinello, J. Phys. Chem. Lett. 11, 2731-2736 (2020)
PLUMED:   [4] M. Invernizzi and M. Parrinello, preprint arXiv:2201.09950 (2022)
PLUMED: Please read and cite where appropriate!
PLUMED: Finished setup
PLUMED:                                               Cycles        Total      Average      Minimum      Maximum
PLUMED:                                                    1    35.751580    35.751580    35.751580    35.751580
PLUMED: 1 Prepare dependencies                       4000001     0.811559     0.000000     0.000000     0.000038
PLUMED: 2 Sharing data                               4000001     1.542458     0.000000     0.000000     0.000038
PLUMED: 3 Waiting for data                           4000001     0.289364     0.000000     0.000000     0.000009
PLUMED: 4 Calculating (forward loop)                 4000001    18.946721     0.000005     0.000004     0.000047
PLUMED: 5 Applying (backward loop)                   4000001     7.808824     0.000002     0.000002     0.000043
PLUMED: 6 Update                                     4000001     0.525618     0.000000     0.000000     0.000308
